
  .   ____          _            __ _ _
 /\\ / ___'_ __ _ _(_)_ __  __ _ \ \ \ \
( ( )\___ | '_ | '_| | '_ \/ _` | \ \ \ \
 \\/  ___)| |_)| | | | | || (_| |  ) ) ) )
  '  |____| .__|_| |_|_| |_\__, | / / / /
 =========|_|==============|___/=/_/_/_/

 :: Spring Boot ::                (v3.4.1)

2026-02-07T01:17:18.082+09:00  INFO 75086 --- [           main] com.ticketrush.BackendApiApplication     : Starting BackendApiApplication v0.0.1-SNAPSHOT using Java 17.0.18 with PID 75086 (/home/aki/2602/workspace/apps/backend/ticket-core-service/build/libs/app.jar started by aki in /home/aki/2602/workspace/apps/backend/ticket-core-service)
2026-02-07T01:17:18.085+09:00  INFO 75086 --- [           main] com.ticketrush.BackendApiApplication     : The following 1 profile is active: "local"
2026-02-07T01:17:19.021+09:00  INFO 75086 --- [           main] .s.d.r.c.RepositoryConfigurationDelegate : Multiple Spring Data modules found, entering strict repository configuration mode
2026-02-07T01:17:19.023+09:00  INFO 75086 --- [           main] .s.d.r.c.RepositoryConfigurationDelegate : Bootstrapping Spring Data JPA repositories in DEFAULT mode.
2026-02-07T01:17:19.343+09:00  INFO 75086 --- [           main] .s.d.r.c.RepositoryConfigurationDelegate : Finished Spring Data repository scanning in 310 ms. Found 7 JPA repository interfaces.
2026-02-07T01:17:19.370+09:00  INFO 75086 --- [           main] .s.d.r.c.RepositoryConfigurationDelegate : Multiple Spring Data modules found, entering strict repository configuration mode
2026-02-07T01:17:19.371+09:00  INFO 75086 --- [           main] .s.d.r.c.RepositoryConfigurationDelegate : Bootstrapping Spring Data Redis repositories in DEFAULT mode.
2026-02-07T01:17:19.390+09:00  INFO 75086 --- [           main] .RepositoryConfigurationExtensionSupport : Spring Data Redis - Could not safely identify store assignment for repository candidate interface com.ticketrush.domain.agency.AgencyRepository; If you want this repository to be a Redis repository, consider annotating your entities with one of these annotations: org.springframework.data.redis.core.RedisHash (preferred), or consider extending one of the following types with your repository: org.springframework.data.keyvalue.repository.KeyValueRepository
2026-02-07T01:17:19.391+09:00  INFO 75086 --- [           main] .RepositoryConfigurationExtensionSupport : Spring Data Redis - Could not safely identify store assignment for repository candidate interface com.ticketrush.domain.artist.ArtistRepository; If you want this repository to be a Redis repository, consider annotating your entities with one of these annotations: org.springframework.data.redis.core.RedisHash (preferred), or consider extending one of the following types with your repository: org.springframework.data.keyvalue.repository.KeyValueRepository
2026-02-07T01:17:19.392+09:00  INFO 75086 --- [           main] .RepositoryConfigurationExtensionSupport : Spring Data Redis - Could not safely identify store assignment for repository candidate interface com.ticketrush.domain.concert.repository.ConcertOptionRepository; If you want this repository to be a Redis repository, consider annotating your entities with one of these annotations: org.springframework.data.redis.core.RedisHash (preferred), or consider extending one of the following types with your repository: org.springframework.data.keyvalue.repository.KeyValueRepository
2026-02-07T01:17:19.392+09:00  INFO 75086 --- [           main] .RepositoryConfigurationExtensionSupport : Spring Data Redis - Could not safely identify store assignment for repository candidate interface com.ticketrush.domain.concert.repository.ConcertRepository; If you want this repository to be a Redis repository, consider annotating your entities with one of these annotations: org.springframework.data.redis.core.RedisHash (preferred), or consider extending one of the following types with your repository: org.springframework.data.keyvalue.repository.KeyValueRepository
2026-02-07T01:17:19.394+09:00  INFO 75086 --- [           main] .RepositoryConfigurationExtensionSupport : Spring Data Redis - Could not safely identify store assignment for repository candidate interface com.ticketrush.domain.concert.repository.SeatRepository; If you want this repository to be a Redis repository, consider annotating your entities with one of these annotations: org.springframework.data.redis.core.RedisHash (preferred), or consider extending one of the following types with your repository: org.springframework.data.keyvalue.repository.KeyValueRepository
2026-02-07T01:17:19.394+09:00  INFO 75086 --- [           main] .RepositoryConfigurationExtensionSupport : Spring Data Redis - Could not safely identify store assignment for repository candidate interface com.ticketrush.domain.reservation.repository.ReservationRepository; If you want this repository to be a Redis repository, consider annotating your entities with one of these annotations: org.springframework.data.redis.core.RedisHash (preferred), or consider extending one of the following types with your repository: org.springframework.data.keyvalue.repository.KeyValueRepository
2026-02-07T01:17:19.394+09:00  INFO 75086 --- [           main] .RepositoryConfigurationExtensionSupport : Spring Data Redis - Could not safely identify store assignment for repository candidate interface com.ticketrush.domain.user.UserRepository; If you want this repository to be a Redis repository, consider annotating your entities with one of these annotations: org.springframework.data.redis.core.RedisHash (preferred), or consider extending one of the following types with your repository: org.springframework.data.keyvalue.repository.KeyValueRepository
2026-02-07T01:17:19.394+09:00  INFO 75086 --- [           main] .s.d.r.c.RepositoryConfigurationDelegate : Finished Spring Data repository scanning in 12 ms. Found 0 Redis repository interfaces.
2026-02-07T01:17:20.103+09:00  INFO 75086 --- [           main] o.s.b.w.embedded.tomcat.TomcatWebServer  : Tomcat initialized with port 8080 (http)
2026-02-07T01:17:20.119+09:00  INFO 75086 --- [           main] o.apache.catalina.core.StandardService   : Starting service [Tomcat]
2026-02-07T01:17:20.119+09:00  INFO 75086 --- [           main] o.apache.catalina.core.StandardEngine    : Starting Servlet engine: [Apache Tomcat/10.1.34]
2026-02-07T01:17:20.151+09:00  INFO 75086 --- [           main] o.a.c.c.C.[Tomcat].[localhost].[/]       : Initializing Spring embedded WebApplicationContext
2026-02-07T01:17:20.153+09:00  INFO 75086 --- [           main] w.s.c.ServletWebServerApplicationContext : Root WebApplicationContext: initialization completed in 2005 ms
2026-02-07T01:17:20.317+09:00  INFO 75086 --- [           main] o.hibernate.jpa.internal.util.LogHelper  : HHH000204: Processing PersistenceUnitInfo [name: default]
2026-02-07T01:17:20.369+09:00  INFO 75086 --- [           main] org.hibernate.Version                    : HHH000412: Hibernate ORM core version 6.6.4.Final
2026-02-07T01:17:20.402+09:00  INFO 75086 --- [           main] o.h.c.internal.RegionFactoryInitiator    : HHH000026: Second-level cache disabled
2026-02-07T01:17:20.653+09:00  INFO 75086 --- [           main] o.s.o.j.p.SpringPersistenceUnitInfo      : No LoadTimeWeaver setup: ignoring JPA class transformer
2026-02-07T01:17:20.680+09:00  INFO 75086 --- [           main] com.zaxxer.hikari.HikariDataSource       : HikariPool-1 - Starting...
2026-02-07T01:17:20.818+09:00  INFO 75086 --- [           main] com.zaxxer.hikari.pool.HikariPool        : HikariPool-1 - Added connection conn0: url=jdbc:h2:mem:testdb user=SA
2026-02-07T01:17:20.821+09:00  INFO 75086 --- [           main] com.zaxxer.hikari.HikariDataSource       : HikariPool-1 - Start completed.
2026-02-07T01:17:20.879+09:00  INFO 75086 --- [           main] org.hibernate.orm.connections.pooling    : HHH10001005: Database info:
	Database JDBC URL [Connecting through datasource 'HikariDataSource (HikariPool-1)']
	Database driver: undefined/unknown
	Database version: 2.3.232
	Autocommit mode: undefined/unknown
	Isolation level: undefined/unknown
	Minimum pool size: undefined/unknown
	Maximum pool size: undefined/unknown
2026-02-07T01:17:21.749+09:00  INFO 75086 --- [           main] o.h.e.t.j.p.i.JtaPlatformInitiator       : HHH000489: No JTA platform available (set 'hibernate.transaction.jta.platform' to enable JTA platform integration)
[35m[Hibernate][0m 
    [34mdrop[0m [34mtable[0m [34mif[0m [34mexists[0m agencies [34mcascade[0m 
[35m[Hibernate][0m 
    [34mdrop[0m [34mtable[0m [34mif[0m [34mexists[0m artists [34mcascade[0m 
[35m[Hibernate][0m 
    [34mdrop[0m [34mtable[0m [34mif[0m [34mexists[0m concert_options [34mcascade[0m 
[35m[Hibernate][0m 
    [34mdrop[0m [34mtable[0m [34mif[0m [34mexists[0m concerts [34mcascade[0m 
[35m[Hibernate][0m 
    [34mdrop[0m [34mtable[0m [34mif[0m [34mexists[0m reservations [34mcascade[0m 
[35m[Hibernate][0m 
    [34mdrop[0m [34mtable[0m [34mif[0m [34mexists[0m seats [34mcascade[0m 
[35m[Hibernate][0m 
    [34mdrop[0m [34mtable[0m [34mif[0m [34mexists[0m users [34mcascade[0m 
[35m[Hibernate][0m 
    [34mcreate[0m [34mtable[0m agencies (
        id [34mbigint[0m generated [34mby[0m [34mdefault[0m [34mas[0m [34midentity[0m,
        name [34mvarchar[0m(255) [34mnot[0m [34mnull[0m [34munique[0m,
        [34mprimary[0m [34mkey[0m (id)
    )
[35m[Hibernate][0m 
    [34mcreate[0m [34mtable[0m artists (
        agency_id [34mbigint[0m,
        id [34mbigint[0m generated [34mby[0m [34mdefault[0m [34mas[0m [34midentity[0m,
        name [34mvarchar[0m(255) [34mnot[0m [34mnull[0m,
        [34mprimary[0m [34mkey[0m (id)
    )
[35m[Hibernate][0m 
    [34mcreate[0m [34mtable[0m concert_options (
        concert_date [34mtimestamp[0m(6) [34mnot[0m [34mnull[0m,
        concert_id [34mbigint[0m [34mnot[0m [34mnull[0m,
        id [34mbigint[0m generated [34mby[0m [34mdefault[0m [34mas[0m [34midentity[0m,
        [34mprimary[0m [34mkey[0m (id)
    )
[35m[Hibernate][0m 
    [34mcreate[0m [34mtable[0m concerts (
        artist_id [34mbigint[0m,
        id [34mbigint[0m generated [34mby[0m [34mdefault[0m [34mas[0m [34midentity[0m,
        title [34mvarchar[0m(255) [34mnot[0m [34mnull[0m,
        [34mprimary[0m [34mkey[0m (id)
    )
[35m[Hibernate][0m 
    [34mcreate[0m [34mtable[0m reservations (
        id [34mbigint[0m generated [34mby[0m [34mdefault[0m [34mas[0m [34midentity[0m,
        reserved_at [34mtimestamp[0m(6) [34mnot[0m [34mnull[0m,
        seat_id [34mbigint[0m [34mnot[0m [34mnull[0m,
        user_id [34mbigint[0m [34mnot[0m [34mnull[0m,
        status enum ([36m'CANCELLED'[0m,[36m'CONFIRMED'[0m,[36m'PENDING'[0m) [34mnot[0m [34mnull[0m,
        [34mprimary[0m [34mkey[0m (id)
    )
[35m[Hibernate][0m 
    [34mcreate[0m [34mtable[0m seats (
        concert_option_id [34mbigint[0m [34mnot[0m [34mnull[0m,
        id [34mbigint[0m generated [34mby[0m [34mdefault[0m [34mas[0m [34midentity[0m,
        version [34mbigint[0m,
        seat_number [34mvarchar[0m(255) [34mnot[0m [34mnull[0m,
        status enum ([36m'AVAILABLE'[0m,[36m'RESERVED'[0m,[36m'TEMP_RESERVED'[0m) [34mnot[0m [34mnull[0m,
        [34mprimary[0m [34mkey[0m (id)
    )
[35m[Hibernate][0m 
    [34mcreate[0m [34mtable[0m users (
        id [34mbigint[0m generated [34mby[0m [34mdefault[0m [34mas[0m [34midentity[0m,
        username [34mvarchar[0m(255) [34mnot[0m [34mnull[0m [34munique[0m,
        [34mprimary[0m [34mkey[0m (id)
    )
[35m[Hibernate][0m 
    [34mcreate[0m index idx_concert_option 
       [34mon[0m seats (concert_option_id)
[35m[Hibernate][0m 
    [34malter[0m [34mtable[0m [34mif[0m [34mexists[0m artists 
       [34madd[0m [34mconstraint[0m FK6msifcblvlnl10dsi60t9q65j 
       [34mforeign[0m [34mkey[0m (agency_id) 
       [34mreferences[0m agencies
[35m[Hibernate][0m 
    [34malter[0m [34mtable[0m [34mif[0m [34mexists[0m concert_options 
       [34madd[0m [34mconstraint[0m FK7cktj3d26mu80dgxm76vrittu 
       [34mforeign[0m [34mkey[0m (concert_id) 
       [34mreferences[0m concerts
[35m[Hibernate][0m 
    [34malter[0m [34mtable[0m [34mif[0m [34mexists[0m concerts 
       [34madd[0m [34mconstraint[0m FK8hqymrf9yl4u0wqqwyhtjgqum 
       [34mforeign[0m [34mkey[0m (artist_id) 
       [34mreferences[0m artists
[35m[Hibernate][0m 
    [34malter[0m [34mtable[0m [34mif[0m [34mexists[0m reservations 
       [34madd[0m [34mconstraint[0m FK57amums6j9fkqwbpw4oceyw9i 
       [34mforeign[0m [34mkey[0m (seat_id) 
       [34mreferences[0m seats
[35m[Hibernate][0m 
    [34malter[0m [34mtable[0m [34mif[0m [34mexists[0m reservations 
       [34madd[0m [34mconstraint[0m FKb5g9io5h54iwl2inkno50ppln 
       [34mforeign[0m [34mkey[0m (user_id) 
       [34mreferences[0m users
[35m[Hibernate][0m 
    [34malter[0m [34mtable[0m [34mif[0m [34mexists[0m seats 
       [34madd[0m [34mconstraint[0m FK5io71q4k9nu0jxs680awpxucg 
       [34mforeign[0m [34mkey[0m (concert_option_id) 
       [34mreferences[0m concert_options
2026-02-07T01:17:21.821+09:00  INFO 75086 --- [           main] j.LocalContainerEntityManagerFactoryBean : Initialized JPA EntityManagerFactory for persistence unit 'default'
2026-02-07T01:17:22.205+09:00  INFO 75086 --- [           main] o.s.d.j.r.query.QueryEnhancerFactory     : Hibernate is in classpath; If applicable, HQL parser will be used.
2026-02-07T01:17:22.861+09:00  INFO 75086 --- [           main] org.redisson.Version                     : Redisson 3.41.0
2026-02-07T01:17:23.357+09:00  INFO 75086 --- [isson-netty-1-5] o.redisson.connection.ConnectionsHolder  : 1 connections initialized for localhost/127.0.0.1:6379
2026-02-07T01:17:23.561+09:00  INFO 75086 --- [sson-netty-1-20] o.redisson.connection.ConnectionsHolder  : 24 connections initialized for localhost/127.0.0.1:6379
2026-02-07T01:17:23.848+09:00  WARN 75086 --- [           main] JpaBaseConfiguration$JpaWebConfiguration : spring.jpa.open-in-view is enabled by default. Therefore, database queries may be performed during view rendering. Explicitly configure spring.jpa.open-in-view to disable this warning
2026-02-07T01:17:24.279+09:00  INFO 75086 --- [           main] o.s.b.a.h2.H2ConsoleAutoConfiguration    : H2 console available at '/h2-console'. Database available at 'jdbc:h2:mem:testdb'
2026-02-07T01:17:24.432+09:00  INFO 75086 --- [           main] o.s.b.w.embedded.tomcat.TomcatWebServer  : Tomcat started on port 8080 (http) with context path '/'
2026-02-07T01:17:24.476+09:00  INFO 75086 --- [           main] o.a.k.clients.consumer.ConsumerConfig    : ConsumerConfig values: 
	allow.auto.create.topics = true
	auto.commit.interval.ms = 5000
	auto.include.jmx.reporter = true
	auto.offset.reset = latest
	bootstrap.servers = [localhost:9092]
	check.crcs = true
	client.dns.lookup = use_all_dns_ips
	client.id = consumer-ticket-group-1
	client.rack = 
	connections.max.idle.ms = 540000
	default.api.timeout.ms = 60000
	enable.auto.commit = false
	enable.metrics.push = true
	exclude.internal.topics = true
	fetch.max.bytes = 52428800
	fetch.max.wait.ms = 500
	fetch.min.bytes = 1
	group.id = ticket-group
	group.instance.id = null
	group.protocol = classic
	group.remote.assignor = null
	heartbeat.interval.ms = 3000
	interceptor.classes = []
	internal.leave.group.on.close = true
	internal.throw.on.fetch.stable.offset.unsupported = false
	isolation.level = read_uncommitted
	key.deserializer = class org.apache.kafka.common.serialization.StringDeserializer
	max.partition.fetch.bytes = 1048576
	max.poll.interval.ms = 300000
	max.poll.records = 500
	metadata.max.age.ms = 300000
	metadata.recovery.strategy = none
	metric.reporters = []
	metrics.num.samples = 2
	metrics.recording.level = INFO
	metrics.sample.window.ms = 30000
	partition.assignment.strategy = [class org.apache.kafka.clients.consumer.RangeAssignor, class org.apache.kafka.clients.consumer.CooperativeStickyAssignor]
	receive.buffer.bytes = 65536
	reconnect.backoff.max.ms = 1000
	reconnect.backoff.ms = 50
	request.timeout.ms = 30000
	retry.backoff.max.ms = 1000
	retry.backoff.ms = 100
	sasl.client.callback.handler.class = null
	sasl.jaas.config = null
	sasl.kerberos.kinit.cmd = /usr/bin/kinit
	sasl.kerberos.min.time.before.relogin = 60000
	sasl.kerberos.service.name = null
	sasl.kerberos.ticket.renew.jitter = 0.05
	sasl.kerberos.ticket.renew.window.factor = 0.8
	sasl.login.callback.handler.class = null
	sasl.login.class = null
	sasl.login.connect.timeout.ms = null
	sasl.login.read.timeout.ms = null
	sasl.login.refresh.buffer.seconds = 300
	sasl.login.refresh.min.period.seconds = 60
	sasl.login.refresh.window.factor = 0.8
	sasl.login.refresh.window.jitter = 0.05
	sasl.login.retry.backoff.max.ms = 10000
	sasl.login.retry.backoff.ms = 100
	sasl.mechanism = GSSAPI
	sasl.oauthbearer.clock.skew.seconds = 30
	sasl.oauthbearer.expected.audience = null
	sasl.oauthbearer.expected.issuer = null
	sasl.oauthbearer.jwks.endpoint.refresh.ms = 3600000
	sasl.oauthbearer.jwks.endpoint.retry.backoff.max.ms = 10000
	sasl.oauthbearer.jwks.endpoint.retry.backoff.ms = 100
	sasl.oauthbearer.jwks.endpoint.url = null
	sasl.oauthbearer.scope.claim.name = scope
	sasl.oauthbearer.sub.claim.name = sub
	sasl.oauthbearer.token.endpoint.url = null
	security.protocol = PLAINTEXT
	security.providers = null
	send.buffer.bytes = 131072
	session.timeout.ms = 45000
	socket.connection.setup.timeout.max.ms = 30000
	socket.connection.setup.timeout.ms = 10000
	ssl.cipher.suites = null
	ssl.enabled.protocols = [TLSv1.2, TLSv1.3]
	ssl.endpoint.identification.algorithm = https
	ssl.engine.factory.class = null
	ssl.key.password = null
	ssl.keymanager.algorithm = SunX509
	ssl.keystore.certificate.chain = null
	ssl.keystore.key = null
	ssl.keystore.location = null
	ssl.keystore.password = null
	ssl.keystore.type = JKS
	ssl.protocol = TLSv1.3
	ssl.provider = null
	ssl.secure.random.implementation = null
	ssl.trustmanager.algorithm = PKIX
	ssl.truststore.certificates = null
	ssl.truststore.location = null
	ssl.truststore.password = null
	ssl.truststore.type = JKS
	value.deserializer = class org.apache.kafka.common.serialization.StringDeserializer

2026-02-07T01:17:24.533+09:00  INFO 75086 --- [           main] o.a.k.c.t.i.KafkaMetricsCollector        : initializing Kafka metrics collector
2026-02-07T01:17:24.713+09:00  INFO 75086 --- [           main] o.a.kafka.common.utils.AppInfoParser     : Kafka version: 3.8.1
2026-02-07T01:17:24.713+09:00  INFO 75086 --- [           main] o.a.kafka.common.utils.AppInfoParser     : Kafka commitId: 70d6ff42debf7e17
2026-02-07T01:17:24.713+09:00  INFO 75086 --- [           main] o.a.kafka.common.utils.AppInfoParser     : Kafka startTimeMs: 1770394644711
2026-02-07T01:17:24.720+09:00  INFO 75086 --- [           main] o.a.k.c.c.internals.LegacyKafkaConsumer  : [Consumer clientId=consumer-ticket-group-1, groupId=ticket-group] Subscribed to topic(s): ticket-reservation-events
2026-02-07T01:17:24.752+09:00  INFO 75086 --- [           main] com.ticketrush.BackendApiApplication     : Started BackendApiApplication in 7.249 seconds (process running for 7.859)
2026-02-07T01:17:24.754+09:00  INFO 75086 --- [   scheduling-1] c.t.g.scheduler.WaitingQueueScheduler    : >>>> [Scheduler] 대기열 유저 활성화 시작 (Concert: 1, Count: 10)
[35m[Hibernate][0m 
    /* [34mselect[0m
        count(*) 
    [34mfrom[0m
        [34mUser[0m x */ [34mselect[0m
            count(*) 
        [34mfrom[0m
            users u1_0
[35m[Hibernate][0m 
    /* [34minsert[0m [34mfor[0m
        com.ticketrush.domain.[34muser[0m.[34mUser[0m */[34minsert[0m 
    [34minto[0m
        users (username, id) 
    [34mvalues[0m
        (?, [34mdefault[0m)
2026-02-07T01:17:24.951+09:00  INFO 75086 --- [           main] com.ticketrush.DataInitializer           : >>>> Initial data created: Admin user registered.
2026-02-07T01:17:24.952+09:00  INFO 75086 --- [           main] com.ticketrush.DataInitializer           : >>>> System is ready. Use APIs for further data setup.
2026-02-07T01:17:25.148+09:00  INFO 75086 --- [ntainer#0-0-C-1] org.apache.kafka.clients.Metadata        : [Consumer clientId=consumer-ticket-group-1, groupId=ticket-group] Cluster ID: -0OL7pPoRlCF7NAG9gAzzg
2026-02-07T01:17:25.149+09:00  INFO 75086 --- [ntainer#0-0-C-1] o.a.k.c.c.internals.ConsumerCoordinator  : [Consumer clientId=consumer-ticket-group-1, groupId=ticket-group] Discovered group coordinator localhost:9092 (id: 2147483646 rack: null)
2026-02-07T01:17:25.152+09:00  INFO 75086 --- [ntainer#0-0-C-1] o.a.k.c.c.internals.ConsumerCoordinator  : [Consumer clientId=consumer-ticket-group-1, groupId=ticket-group] (Re-)joining group
2026-02-07T01:17:25.174+09:00  INFO 75086 --- [ntainer#0-0-C-1] o.a.k.c.c.internals.ConsumerCoordinator  : [Consumer clientId=consumer-ticket-group-1, groupId=ticket-group] Request joining group due to: need to re-join with the given member-id: consumer-ticket-group-1-b6e6f798-cf20-468c-aaf7-0be2b80da3b0
2026-02-07T01:17:25.175+09:00  INFO 75086 --- [ntainer#0-0-C-1] o.a.k.c.c.internals.ConsumerCoordinator  : [Consumer clientId=consumer-ticket-group-1, groupId=ticket-group] (Re-)joining group
2026-02-07T01:17:28.182+09:00  INFO 75086 --- [ntainer#0-0-C-1] o.a.k.c.c.internals.ConsumerCoordinator  : [Consumer clientId=consumer-ticket-group-1, groupId=ticket-group] Successfully joined group with generation Generation{generationId=7, memberId='consumer-ticket-group-1-b6e6f798-cf20-468c-aaf7-0be2b80da3b0', protocol='range'}
2026-02-07T01:17:28.190+09:00  INFO 75086 --- [ntainer#0-0-C-1] o.a.k.c.c.internals.ConsumerCoordinator  : [Consumer clientId=consumer-ticket-group-1, groupId=ticket-group] Finished assignment for group at generation 7: {consumer-ticket-group-1-b6e6f798-cf20-468c-aaf7-0be2b80da3b0=Assignment(partitions=[ticket-reservation-events-0])}
2026-02-07T01:17:28.197+09:00  INFO 75086 --- [ntainer#0-0-C-1] o.a.k.c.c.internals.ConsumerCoordinator  : [Consumer clientId=consumer-ticket-group-1, groupId=ticket-group] Successfully synced group in generation Generation{generationId=7, memberId='consumer-ticket-group-1-b6e6f798-cf20-468c-aaf7-0be2b80da3b0', protocol='range'}
2026-02-07T01:17:28.198+09:00  INFO 75086 --- [ntainer#0-0-C-1] o.a.k.c.c.internals.ConsumerCoordinator  : [Consumer clientId=consumer-ticket-group-1, groupId=ticket-group] Notifying assignor about the new Assignment(partitions=[ticket-reservation-events-0])
2026-02-07T01:17:28.200+09:00  INFO 75086 --- [ntainer#0-0-C-1] k.c.c.i.ConsumerRebalanceListenerInvoker : [Consumer clientId=consumer-ticket-group-1, groupId=ticket-group] Adding newly assigned partitions: ticket-reservation-events-0
2026-02-07T01:17:28.212+09:00  INFO 75086 --- [ntainer#0-0-C-1] o.a.k.c.c.internals.ConsumerUtils        : Setting offset for partition ticket-reservation-events-0 to the committed offset FetchPosition{offset=0, offsetEpoch=Optional.empty, currentLeader=LeaderAndEpoch{leader=Optional[localhost:9092 (id: 1 rack: null)], epoch=0}}
2026-02-07T01:17:28.214+09:00  INFO 75086 --- [ntainer#0-0-C-1] o.s.k.l.KafkaMessageListenerContainer    : ticket-group: partitions assigned: [ticket-reservation-events-0]
2026-02-07T01:17:31.897+09:00  INFO 75086 --- [ntainer#0-0-C-1] k.c.c.i.ConsumerRebalanceListenerInvoker : [Consumer clientId=consumer-ticket-group-1, groupId=ticket-group] Revoke previously assigned partitions ticket-reservation-events-0
2026-02-07T01:17:31.898+09:00  INFO 75086 --- [ntainer#0-0-C-1] o.s.k.l.KafkaMessageListenerContainer    : ticket-group: partitions revoked: [ticket-reservation-events-0]
2026-02-07T01:17:31.898+09:00  INFO 75086 --- [ntainer#0-0-C-1] o.a.k.c.c.internals.ConsumerCoordinator  : [Consumer clientId=consumer-ticket-group-1, groupId=ticket-group] Member consumer-ticket-group-1-b6e6f798-cf20-468c-aaf7-0be2b80da3b0 sending LeaveGroup request to coordinator localhost:9092 (id: 2147483646 rack: null) due to the consumer unsubscribed from all topics
2026-02-07T01:17:31.899+09:00  INFO 75086 --- [ntainer#0-0-C-1] o.a.k.c.c.internals.ConsumerCoordinator  : [Consumer clientId=consumer-ticket-group-1, groupId=ticket-group] Resetting generation and member id due to: consumer pro-actively leaving the group
2026-02-07T01:17:31.899+09:00  INFO 75086 --- [ntainer#0-0-C-1] o.a.k.c.c.internals.ConsumerCoordinator  : [Consumer clientId=consumer-ticket-group-1, groupId=ticket-group] Request joining group due to: consumer pro-actively leaving the group
2026-02-07T01:17:31.899+09:00  INFO 75086 --- [ntainer#0-0-C-1] o.a.k.c.c.internals.LegacyKafkaConsumer  : [Consumer clientId=consumer-ticket-group-1, groupId=ticket-group] Unsubscribed all topics or patterns and assigned partitions
2026-02-07T01:17:31.901+09:00  INFO 75086 --- [ntainer#0-0-C-1] o.a.k.c.c.internals.ConsumerCoordinator  : [Consumer clientId=consumer-ticket-group-1, groupId=ticket-group] Resetting generation and member id due to: consumer pro-actively leaving the group
2026-02-07T01:17:31.901+09:00  INFO 75086 --- [ntainer#0-0-C-1] o.a.k.c.c.internals.ConsumerCoordinator  : [Consumer clientId=consumer-ticket-group-1, groupId=ticket-group] Request joining group due to: consumer pro-actively leaving the group
2026-02-07T01:17:32.281+09:00  INFO 75086 --- [ntainer#0-0-C-1] o.apache.kafka.common.metrics.Metrics    : Metrics scheduler closed
2026-02-07T01:17:32.281+09:00  INFO 75086 --- [ntainer#0-0-C-1] o.apache.kafka.common.metrics.Metrics    : Closing reporter org.apache.kafka.common.metrics.JmxReporter
2026-02-07T01:17:32.281+09:00  INFO 75086 --- [ntainer#0-0-C-1] o.apache.kafka.common.metrics.Metrics    : Closing reporter org.apache.kafka.common.telemetry.internals.ClientTelemetryReporter
2026-02-07T01:17:32.281+09:00  INFO 75086 --- [ntainer#0-0-C-1] o.apache.kafka.common.metrics.Metrics    : Metrics reporters closed
2026-02-07T01:17:32.287+09:00  INFO 75086 --- [ntainer#0-0-C-1] o.a.kafka.common.utils.AppInfoParser     : App info kafka.consumer for consumer-ticket-group-1 unregistered
2026-02-07T01:17:32.287+09:00  INFO 75086 --- [ntainer#0-0-C-1] o.s.k.l.KafkaMessageListenerContainer    : ticket-group: Consumer stopped
2026-02-07T01:17:32.289+09:00  INFO 75086 --- [ionShutdownHook] o.s.b.w.e.tomcat.GracefulShutdown        : Commencing graceful shutdown. Waiting for active requests to complete
2026-02-07T01:17:32.294+09:00  INFO 75086 --- [tomcat-shutdown] o.s.b.w.e.tomcat.GracefulShutdown        : Graceful shutdown complete
2026-02-07T01:17:32.317+09:00  INFO 75086 --- [ionShutdownHook] j.LocalContainerEntityManagerFactoryBean : Closing JPA EntityManagerFactory for persistence unit 'default'
2026-02-07T01:17:32.319+09:00  INFO 75086 --- [ionShutdownHook] com.zaxxer.hikari.HikariDataSource       : HikariPool-1 - Shutdown initiated...
2026-02-07T01:17:32.322+09:00  INFO 75086 --- [ionShutdownHook] com.zaxxer.hikari.HikariDataSource       : HikariPool-1 - Shutdown completed.
