Starting a Gradle Daemon, 1 busy Daemon could not be reused, use --status for details
Path for java installation '/usr/lib/jvm/openjdk-17' (Common Linux Locations) does not contain a java executable
Path for java installation '/usr/lib/jvm/openjdk-11' (Common Linux Locations) does not contain a java executable
> Task :compileJava UP-TO-DATE
> Task :processResources UP-TO-DATE
> Task :classes UP-TO-DATE
> Task :resolveMainClassName UP-TO-DATE

> Task :bootRun

  .   ____          _            __ _ _
 /\\ / ___'_ __ _ _(_)_ __  __ _ \ \ \ \
( ( )\___ | '_ | '_| | '_ \/ _` | \ \ \ \
 \\/  ___)| |_)| | | | | || (_| |  ) ) ) )
  '  |____| .__|_| |_|_| |_\__, | / / / /
 =========|_|==============|___/=/_/_/_/

 :: Spring Boot ::                (v3.4.1)

2026-02-06T02:36:33.568+09:00  INFO 1342328 --- [           main] com.ticketrush.BackendApiApplication     : Starting BackendApiApplication using Java 17.0.18 with PID 1342328 (/home/aki/2602/workspace/apps/backend/ticket-core-service/build/classes/java/main started by aki in /home/aki/2602/workspace/apps/backend/ticket-core-service)
2026-02-06T02:36:33.572+09:00  INFO 1342328 --- [           main] com.ticketrush.BackendApiApplication     : The following 1 profile is active: "local"
2026-02-06T02:36:34.419+09:00  INFO 1342328 --- [           main] .s.d.r.c.RepositoryConfigurationDelegate : Multiple Spring Data modules found, entering strict repository configuration mode
2026-02-06T02:36:34.421+09:00  INFO 1342328 --- [           main] .s.d.r.c.RepositoryConfigurationDelegate : Bootstrapping Spring Data JPA repositories in DEFAULT mode.
2026-02-06T02:36:34.746+09:00  INFO 1342328 --- [           main] .s.d.r.c.RepositoryConfigurationDelegate : Finished Spring Data repository scanning in 313 ms. Found 7 JPA repository interfaces.
2026-02-06T02:36:34.772+09:00  INFO 1342328 --- [           main] .s.d.r.c.RepositoryConfigurationDelegate : Multiple Spring Data modules found, entering strict repository configuration mode
2026-02-06T02:36:34.774+09:00  INFO 1342328 --- [           main] .s.d.r.c.RepositoryConfigurationDelegate : Bootstrapping Spring Data Redis repositories in DEFAULT mode.
2026-02-06T02:36:34.800+09:00  INFO 1342328 --- [           main] .RepositoryConfigurationExtensionSupport : Spring Data Redis - Could not safely identify store assignment for repository candidate interface com.ticketrush.domain.agency.AgencyRepository; If you want this repository to be a Redis repository, consider annotating your entities with one of these annotations: org.springframework.data.redis.core.RedisHash (preferred), or consider extending one of the following types with your repository: org.springframework.data.keyvalue.repository.KeyValueRepository
2026-02-06T02:36:34.801+09:00  INFO 1342328 --- [           main] .RepositoryConfigurationExtensionSupport : Spring Data Redis - Could not safely identify store assignment for repository candidate interface com.ticketrush.domain.artist.ArtistRepository; If you want this repository to be a Redis repository, consider annotating your entities with one of these annotations: org.springframework.data.redis.core.RedisHash (preferred), or consider extending one of the following types with your repository: org.springframework.data.keyvalue.repository.KeyValueRepository
2026-02-06T02:36:34.802+09:00  INFO 1342328 --- [           main] .RepositoryConfigurationExtensionSupport : Spring Data Redis - Could not safely identify store assignment for repository candidate interface com.ticketrush.domain.concert.repository.ConcertOptionRepository; If you want this repository to be a Redis repository, consider annotating your entities with one of these annotations: org.springframework.data.redis.core.RedisHash (preferred), or consider extending one of the following types with your repository: org.springframework.data.keyvalue.repository.KeyValueRepository
2026-02-06T02:36:34.802+09:00  INFO 1342328 --- [           main] .RepositoryConfigurationExtensionSupport : Spring Data Redis - Could not safely identify store assignment for repository candidate interface com.ticketrush.domain.concert.repository.ConcertRepository; If you want this repository to be a Redis repository, consider annotating your entities with one of these annotations: org.springframework.data.redis.core.RedisHash (preferred), or consider extending one of the following types with your repository: org.springframework.data.keyvalue.repository.KeyValueRepository
2026-02-06T02:36:34.803+09:00  INFO 1342328 --- [           main] .RepositoryConfigurationExtensionSupport : Spring Data Redis - Could not safely identify store assignment for repository candidate interface com.ticketrush.domain.concert.repository.SeatRepository; If you want this repository to be a Redis repository, consider annotating your entities with one of these annotations: org.springframework.data.redis.core.RedisHash (preferred), or consider extending one of the following types with your repository: org.springframework.data.keyvalue.repository.KeyValueRepository
2026-02-06T02:36:34.804+09:00  INFO 1342328 --- [           main] .RepositoryConfigurationExtensionSupport : Spring Data Redis - Could not safely identify store assignment for repository candidate interface com.ticketrush.domain.reservation.repository.ReservationRepository; If you want this repository to be a Redis repository, consider annotating your entities with one of these annotations: org.springframework.data.redis.core.RedisHash (preferred), or consider extending one of the following types with your repository: org.springframework.data.keyvalue.repository.KeyValueRepository
2026-02-06T02:36:34.805+09:00  INFO 1342328 --- [           main] .RepositoryConfigurationExtensionSupport : Spring Data Redis - Could not safely identify store assignment for repository candidate interface com.ticketrush.domain.user.UserRepository; If you want this repository to be a Redis repository, consider annotating your entities with one of these annotations: org.springframework.data.redis.core.RedisHash (preferred), or consider extending one of the following types with your repository: org.springframework.data.keyvalue.repository.KeyValueRepository
2026-02-06T02:36:34.805+09:00  INFO 1342328 --- [           main] .s.d.r.c.RepositoryConfigurationDelegate : Finished Spring Data repository scanning in 13 ms. Found 0 Redis repository interfaces.
2026-02-06T02:36:35.395+09:00  INFO 1342328 --- [           main] o.s.b.w.embedded.tomcat.TomcatWebServer  : Tomcat initialized with port 8080 (http)
2026-02-06T02:36:35.408+09:00  INFO 1342328 --- [           main] o.apache.catalina.core.StandardService   : Starting service [Tomcat]
2026-02-06T02:36:35.408+09:00  INFO 1342328 --- [           main] o.apache.catalina.core.StandardEngine    : Starting Servlet engine: [Apache Tomcat/10.1.34]
2026-02-06T02:36:35.462+09:00  INFO 1342328 --- [           main] o.a.c.c.C.[Tomcat].[localhost].[/]       : Initializing Spring embedded WebApplicationContext
2026-02-06T02:36:35.463+09:00  INFO 1342328 --- [           main] w.s.c.ServletWebServerApplicationContext : Root WebApplicationContext: initialization completed in 1847 ms
2026-02-06T02:36:35.605+09:00  INFO 1342328 --- [           main] o.hibernate.jpa.internal.util.LogHelper  : HHH000204: Processing PersistenceUnitInfo [name: default]
2026-02-06T02:36:35.692+09:00  INFO 1342328 --- [           main] org.hibernate.Version                    : HHH000412: Hibernate ORM core version 6.6.4.Final
2026-02-06T02:36:35.734+09:00  INFO 1342328 --- [           main] o.h.c.internal.RegionFactoryInitiator    : HHH000026: Second-level cache disabled
2026-02-06T02:36:36.031+09:00  INFO 1342328 --- [           main] o.s.o.j.p.SpringPersistenceUnitInfo      : No LoadTimeWeaver setup: ignoring JPA class transformer
2026-02-06T02:36:36.062+09:00  INFO 1342328 --- [           main] com.zaxxer.hikari.HikariDataSource       : HikariPool-1 - Starting...
2026-02-06T02:36:36.246+09:00  INFO 1342328 --- [           main] com.zaxxer.hikari.pool.HikariPool        : HikariPool-1 - Added connection conn0: url=jdbc:h2:mem:testdb user=SA
2026-02-06T02:36:36.249+09:00  INFO 1342328 --- [           main] com.zaxxer.hikari.HikariDataSource       : HikariPool-1 - Start completed.
2026-02-06T02:36:36.308+09:00  INFO 1342328 --- [           main] org.hibernate.orm.connections.pooling    : HHH10001005: Database info:
	Database JDBC URL [Connecting through datasource 'HikariDataSource (HikariPool-1)']
	Database driver: undefined/unknown
	Database version: 2.3.232
	Autocommit mode: undefined/unknown
	Isolation level: undefined/unknown
	Minimum pool size: undefined/unknown
	Maximum pool size: undefined/unknown
2026-02-06T02:36:37.345+09:00  INFO 1342328 --- [           main] o.h.e.t.j.p.i.JtaPlatformInitiator       : HHH000489: No JTA platform available (set 'hibernate.transaction.jta.platform' to enable JTA platform integration)
[35m[Hibernate][0m 
    [34mdrop[0m [34mtable[0m [34mif[0m [34mexists[0m agencies [34mcascade[0m 
[35m[Hibernate][0m 
    [34mdrop[0m [34mtable[0m [34mif[0m [34mexists[0m artists [34mcascade[0m 
[35m[Hibernate][0m 
    [34mdrop[0m [34mtable[0m [34mif[0m [34mexists[0m concert_options [34mcascade[0m 
[35m[Hibernate][0m 
    [34mdrop[0m [34mtable[0m [34mif[0m [34mexists[0m concerts [34mcascade[0m 
[35m[Hibernate][0m 
    [34mdrop[0m [34mtable[0m [34mif[0m [34mexists[0m reservations [34mcascade[0m 
[35m[Hibernate][0m 
    [34mdrop[0m [34mtable[0m [34mif[0m [34mexists[0m seats [34mcascade[0m 
[35m[Hibernate][0m 
    [34mdrop[0m [34mtable[0m [34mif[0m [34mexists[0m users [34mcascade[0m 
[35m[Hibernate][0m 
    [34mcreate[0m [34mtable[0m agencies (
        id [34mbigint[0m generated [34mby[0m [34mdefault[0m [34mas[0m [34midentity[0m,
        name [34mvarchar[0m(255) [34mnot[0m [34mnull[0m [34munique[0m,
        [34mprimary[0m [34mkey[0m (id)
    )
[35m[Hibernate][0m 
    [34mcreate[0m [34mtable[0m artists (
        agency_id [34mbigint[0m,
        id [34mbigint[0m generated [34mby[0m [34mdefault[0m [34mas[0m [34midentity[0m,
        name [34mvarchar[0m(255) [34mnot[0m [34mnull[0m,
        [34mprimary[0m [34mkey[0m (id)
    )
[35m[Hibernate][0m 
    [34mcreate[0m [34mtable[0m concert_options (
        concert_date [34mtimestamp[0m(6) [34mnot[0m [34mnull[0m,
        concert_id [34mbigint[0m [34mnot[0m [34mnull[0m,
        id [34mbigint[0m generated [34mby[0m [34mdefault[0m [34mas[0m [34midentity[0m,
        [34mprimary[0m [34mkey[0m (id)
    )
[35m[Hibernate][0m 
    [34mcreate[0m [34mtable[0m concerts (
        artist_id [34mbigint[0m,
        id [34mbigint[0m generated [34mby[0m [34mdefault[0m [34mas[0m [34midentity[0m,
        title [34mvarchar[0m(255) [34mnot[0m [34mnull[0m,
        [34mprimary[0m [34mkey[0m (id)
    )
[35m[Hibernate][0m 
    [34mcreate[0m [34mtable[0m reservations (
        id [34mbigint[0m generated [34mby[0m [34mdefault[0m [34mas[0m [34midentity[0m,
        reserved_at [34mtimestamp[0m(6) [34mnot[0m [34mnull[0m,
        seat_id [34mbigint[0m [34mnot[0m [34mnull[0m,
        user_id [34mbigint[0m [34mnot[0m [34mnull[0m,
        status enum ([36m'CANCELLED'[0m,[36m'CONFIRMED'[0m,[36m'PENDING'[0m) [34mnot[0m [34mnull[0m,
        [34mprimary[0m [34mkey[0m (id)
    )
[35m[Hibernate][0m 
    [34mcreate[0m [34mtable[0m seats (
        concert_option_id [34mbigint[0m [34mnot[0m [34mnull[0m,
        id [34mbigint[0m generated [34mby[0m [34mdefault[0m [34mas[0m [34midentity[0m,
        version [34mbigint[0m,
        seat_number [34mvarchar[0m(255) [34mnot[0m [34mnull[0m,
        status enum ([36m'AVAILABLE'[0m,[36m'RESERVED'[0m,[36m'TEMP_RESERVED'[0m) [34mnot[0m [34mnull[0m,
        [34mprimary[0m [34mkey[0m (id)
    )
[35m[Hibernate][0m 
    [34mcreate[0m [34mtable[0m users (
        id [34mbigint[0m generated [34mby[0m [34mdefault[0m [34mas[0m [34midentity[0m,
        username [34mvarchar[0m(255) [34mnot[0m [34mnull[0m [34munique[0m,
        [34mprimary[0m [34mkey[0m (id)
    )
[35m[Hibernate][0m 
    [34mcreate[0m index idx_concert_option 
       [34mon[0m seats (concert_option_id)
[35m[Hibernate][0m 
    [34malter[0m [34mtable[0m [34mif[0m [34mexists[0m artists 
       [34madd[0m [34mconstraint[0m FK6msifcblvlnl10dsi60t9q65j 
       [34mforeign[0m [34mkey[0m (agency_id) 
       [34mreferences[0m agencies
[35m[Hibernate][0m 
    [34malter[0m [34mtable[0m [34mif[0m [34mexists[0m concert_options 
       [34madd[0m [34mconstraint[0m FK7cktj3d26mu80dgxm76vrittu 
       [34mforeign[0m [34mkey[0m (concert_id) 
       [34mreferences[0m concerts
[35m[Hibernate][0m 
    [34malter[0m [34mtable[0m [34mif[0m [34mexists[0m concerts 
       [34madd[0m [34mconstraint[0m FK8hqymrf9yl4u0wqqwyhtjgqum 
       [34mforeign[0m [34mkey[0m (artist_id) 
       [34mreferences[0m artists
[35m[Hibernate][0m 
    [34malter[0m [34mtable[0m [34mif[0m [34mexists[0m reservations 
       [34madd[0m [34mconstraint[0m FK57amums6j9fkqwbpw4oceyw9i 
       [34mforeign[0m [34mkey[0m (seat_id) 
       [34mreferences[0m seats
[35m[Hibernate][0m 
    [34malter[0m [34mtable[0m [34mif[0m [34mexists[0m reservations 
       [34madd[0m [34mconstraint[0m FKb5g9io5h54iwl2inkno50ppln 
       [34mforeign[0m [34mkey[0m (user_id) 
       [34mreferences[0m users
[35m[Hibernate][0m 
    [34malter[0m [34mtable[0m [34mif[0m [34mexists[0m seats 
       [34madd[0m [34mconstraint[0m FK5io71q4k9nu0jxs680awpxucg 
       [34mforeign[0m [34mkey[0m (concert_option_id) 
       [34mreferences[0m concert_options
2026-02-06T02:36:37.415+09:00  INFO 1342328 --- [           main] j.LocalContainerEntityManagerFactoryBean : Initialized JPA EntityManagerFactory for persistence unit 'default'
2026-02-06T02:36:37.755+09:00  INFO 1342328 --- [           main] o.s.d.j.r.query.QueryEnhancerFactory     : Hibernate is in classpath; If applicable, HQL parser will be used.
2026-02-06T02:36:38.302+09:00  INFO 1342328 --- [           main] org.redisson.Version                     : Redisson 3.41.0
